################################################################################
# NAS
################################################################################

#####################
default 1
title ------------------ Nas ------------------
root
####################

# ==============================================================================
title 001-FreeNAS-9.10.1
set jfile=/joot/Nas/FreeNAS-9.10.1.iso
# find --set-root %jfile%
map %jfile% (hd32)
map --hook
root (hd32)
chainloader
boot
# ==============================================================================

# ==============================================================================
title
root
title
root
# ###############
title << Ana Menu
clear
echo $[0106] Ana Menu 
echo
echo $[0106] Yukleniyor..
configfile /joot/jenu.lst.gz
# ###############
# ==============================================================================